<?xml version="1.0" encoding="UTF-8"?>
<!-- Generated by org.testng.reporters.JUnitReportReporter -->
<testsuite skipped="0" hostname="LAPTOP-N5PD06U3" name="pack.StepDefinition" tests="1" failures="0" timestamp="02 Feb 2018 22:15:16 GMT" time="12.122" errors="0">
  <testcase name="setUp" time="12.122" classname="pack.StepDefinition"/>
</testsuite> <!-- pack.StepDefinition -->
