<?xml version="1.0" encoding="UTF-8"?>
<!-- Generated by org.testng.reporters.JUnitReportReporter -->
<testsuite skipped="0" hostname="LAPTOP-N5PD06U3" name="pack.one" tests="1" failures="0" timestamp="01 Feb 2018 17:04:59 GMT" time="0.021" errors="0">
  <testcase name="print" time="0.021" classname="pack.one"/>
</testsuite> <!-- pack.one -->
