<?xml version="1.0" encoding="UTF-8"?>
<!-- Generated by org.testng.reporters.JUnitReportReporter -->
<testsuite skipped="0" hostname="LAPTOP-N5PD06U3" name="pack.TestRunner" tests="1" failures="0" timestamp="02 Feb 2018 22:26:23 GMT" time="8.009" errors="0">
  <testcase name="feature" time="8.009" classname="pack.TestRunner"/>
</testsuite> <!-- pack.TestRunner -->
