<?xml version="1.0" encoding="UTF-8"?>
<!-- Generated by org.testng.reporters.JUnitReportReporter -->
<testsuite skipped="0" hostname="LAPTOP-N5PD06U3" name="pack.test" tests="1" failures="0" timestamp="02 Feb 2018 21:06:38 GMT" time="0.011" errors="0">
  <testcase name="print" time="0.011" classname="pack.test"/>
</testsuite> <!-- pack.test -->
